# JRE version: OpenJDK Runtime Environment Temurin-17.0.11+9 (17.0.11+9) (build 17.0.11+9)
# Java VM: OpenJDK Client VM Temurin-17.0.11+9 (17.0.11+9, mixed mode, emulated-client, serial gc, windows-x86)
GC Precious Log:
 CPUs: 20 total, 20 available
 Memory: 32420M
 Large Page Support: Disabled
 NUMA Support: Disabled
 Compressed Oops: Disabled
 Heap Min Capacity: 6M
 Heap Initial Capacity: 16M
 Heap Max Capacity: 1536M
 Pre-touch: Disabled
Heap:
 def new generation   total 104256K, used 73741K [0x05000000, 0x0c120000, 0x25000000)
  eden space 92672K,  74% used [0x05000000, 0x09346408, 0x0aa80000)
  from space 11584K,  41% used [0x0aa80000, 0x0af3d178, 0x0b5d0000)
  to   space 11584K,   0% used [0x0b5d0000, 0x0b5d0000, 0x0c120000)
 tenured generation   total 229384K, used 141922K [0x25000000, 0x33002000, 0x65000000)
   the space 229384K,  61% used [0x25000000, 0x2da98b58, 0x2da98c00, 0x33002000)
 Metaspace       used 80744K, committed 81152K, reserved 81920K
GC Heap History (20 events):
Event: 631.113 GC heap before
{Heap before GC invocations=225 (full 6):
 def new generation   total 75968K, used 68816K [0x05000000, 0x0a260000, 0x25000000)
  eden space 67584K, 100% used [0x05000000, 0x09200000, 0x09200000)
  from space 8384K,  14% used [0x09200000, 0x09334378, 0x09a30000)
  to   space 8384K,   0% used [0x09a30000, 0x09a30000, 0x0a260000)
 tenured generation   total 167404K, used 154061K [0x25000000, 0x2f37b000, 0x65000000)
   the space 167404K,  92% used [0x25000000, 0x2e673788, 0x2e673800, 0x2f37b000)
 Metaspace       used 76847K, committed 77312K, reserved 81920K
}
Event: 631.125 GC heap after
{Heap after GC invocations=226 (full 6):
 def new generation   total 75968K, used 2540K [0x05000000, 0x0a260000, 0x25000000)
  eden space 67584K,   0% used [0x05000000, 0x05000000, 0x09200000)
  from space 8384K,  30% used [0x09a30000, 0x09cab0a8, 0x0a260000)
  to   space 8384K,   0% used [0x09200000, 0x09200000, 0x09a30000)
 tenured generation   total 167404K, used 154061K [0x25000000, 0x2f37b000, 0x65000000)
   the space 167404K,  92% used [0x25000000, 0x2e673788, 0x2e673800, 0x2f37b000)
 Metaspace       used 76847K, committed 77312K, reserved 81920K
}
Event: 631.143 GC heap before
{Heap before GC invocations=226 (full 6):
 def new generation   total 75968K, used 3937K [0x05000000, 0x0a260000, 0x25000000)
  eden space 67584K,   2% used [0x05000000, 0x0515d490, 0x09200000)
  from space 8384K,  30% used [0x09a30000, 0x09cab0a8, 0x0a260000)
  to   space 8384K,   0% used [0x09200000, 0x09200000, 0x09a30000)
 tenured generation   total 167404K, used 154061K [0x25000000, 0x2f37b000, 0x65000000)
   the space 167404K,  92% used [0x25000000, 0x2e673788, 0x2e673800, 0x2f37b000)
 Metaspace       used 76930K, committed 77376K, reserved 81920K
}
Event: 631.474 GC heap after
{Heap after GC invocations=227 (full 7):
 def new generation   total 104256K, used 0K [0x05000000, 0x0c120000, 0x25000000)
  eden space 92672K,   0% used [0x05000000, 0x05000000, 0x0aa80000)
  from space 11584K,   0% used [0x0aa80000, 0x0aa80000, 0x0b5d0000)
  to   space 11584K,   0% used [0x0b5d0000, 0x0b5d0000, 0x0c120000)
 tenured generation   total 229384K, used 137628K [0x25000000, 0x33002000, 0x65000000)
   the space 229384K,  59% used [0x25000000, 0x2d667360, 0x2d667400, 0x33002000)
 Metaspace       used 76752K, committed 77376K, reserved 81920K
}
Event: 633.198 GC heap before
{Heap before GC invocations=227 (full 7):
 def new generation   total 104256K, used 92672K [0x05000000, 0x0c120000, 0x25000000)
  eden space 92672K, 100% used [0x05000000, 0x0aa80000, 0x0aa80000)
  from space 11584K,   0% used [0x0aa80000, 0x0aa80000, 0x0b5d0000)
  to   space 11584K,   0% used [0x0b5d0000, 0x0b5d0000, 0x0c120000)
 tenured generation   total 229384K, used 137628K [0x25000000, 0x33002000, 0x65000000)
   the space 229384K,  59% used [0x25000000, 0x2d667360, 0x2d667400, 0x33002000)
 Metaspace       used 77448K, committed 77888K, reserved 81920K
}
Event: 633.212 GC heap after
{Heap after GC invocations=228 (full 7):
 def new generation   total 104256K, used 2721K [0x05000000, 0x0c120000, 0x25000000)
  eden space 92672K,   0% used [0x05000000, 0x05000000, 0x0aa80000)
  from space 11584K,  23% used [0x0b5d0000, 0x0b878780, 0x0c120000)
  to   space 11584K,   0% used [0x0aa80000, 0x0aa80000, 0x0b5d0000)
 tenured generation   total 229384K, used 137628K [0x25000000, 0x33002000, 0x65000000)
   the space 229384K,  59% used [0x25000000, 0x2d667360, 0x2d667400, 0x33002000)
 Metaspace       used 77448K, committed 77888K, reserved 81920K
}
Event: 634.116 GC heap before
{Heap before GC invocations=228 (full 7):
 def new generation   total 104256K, used 95369K [0x05000000, 0x0c120000, 0x25000000)
  eden space 92672K,  99% used [0x05000000, 0x0aa79e60, 0x0aa80000)
  from space 11584K,  23% used [0x0b5d0000, 0x0b878780, 0x0c120000)
  to   space 11584K,   0% used [0x0aa80000, 0x0aa80000, 0x0b5d0000)
 tenured generation   total 229384K, used 137628K [0x25000000, 0x33002000, 0x65000000)
   the space 229384K,  59% used [0x25000000, 0x2d667360, 0x2d667400, 0x33002000)
 Metaspace       used 78313K, committed 78720K, reserved 81920K
}
Event: 634.143 GC heap after
{Heap after GC invocations=229 (full 7):
 def new generation   total 104256K, used 5930K [0x05000000, 0x0c120000, 0x25000000)
  eden space 92672K,   0% used [0x05000000, 0x05000000, 0x0aa80000)
  from space 11584K,  51% used [0x0aa80000, 0x0b04a820, 0x0b5d0000)
  to   space 11584K,   0% used [0x0b5d0000, 0x0b5d0000, 0x0c120000)
 tenured generation   total 229384K, used 137628K [0x25000000, 0x33002000, 0x65000000)
   the space 229384K,  59% used [0x25000000, 0x2d667360, 0x2d667400, 0x33002000)
 Metaspace       used 78313K, committed 78720K, reserved 81920K
}
Event: 635.726 GC heap before
{Heap before GC invocations=229 (full 7):
 def new generation   total 104256K, used 98602K [0x05000000, 0x0c120000, 0x25000000)
  eden space 92672K, 100% used [0x05000000, 0x0aa80000, 0x0aa80000)
  from space 11584K,  51% used [0x0aa80000, 0x0b04a820, 0x0b5d0000)
  to   space 11584K,   0% used [0x0b5d0000, 0x0b5d0000, 0x0c120000)
 tenured generation   total 229384K, used 137628K [0x25000000, 0x33002000, 0x65000000)
   the space 229384K,  59% used [0x25000000, 0x2d667360, 0x2d667400, 0x33002000)
 Metaspace       used 80157K, committed 80640K, reserved 81920K
}
Event: 635.779 GC heap after
{Heap after GC invocations=230 (full 7):
 def new generation   total 104256K, used 8721K [0x05000000, 0x0c120000, 0x25000000)
  eden space 92672K,   0% used [0x05000000, 0x05000000, 0x0aa80000)
  from space 11584K,  75% used [0x0b5d0000, 0x0be54670, 0x0c120000)
  to   space 11584K,   0% used [0x0aa80000, 0x0aa80000, 0x0b5d0000)
 tenured generation   total 229384K, used 140290K [0x25000000, 0x33002000, 0x65000000)
   the space 229384K,  61% used [0x25000000, 0x2d900828, 0x2d900a00, 0x33002000)
 Metaspace       used 80157K, committed 80640K, reserved 81920K
}
Event: 653.210 GC heap before
{Heap before GC invocations=230 (full 7):
 def new generation   total 104256K, used 101393K [0x05000000, 0x0c120000, 0x25000000)
  eden space 92672K, 100% used [0x05000000, 0x0aa80000, 0x0aa80000)
  from space 11584K,  75% used [0x0b5d0000, 0x0be54670, 0x0c120000)
  to   space 11584K,   0% used [0x0aa80000, 0x0aa80000, 0x0b5d0000)
 tenured generation   total 229384K, used 140290K [0x25000000, 0x33002000, 0x65000000)
   the space 229384K,  61% used [0x25000000, 0x2d900828, 0x2d900a00, 0x33002000)
 Metaspace       used 80511K, committed 80960K, reserved 81920K
}
Event: 653.230 GC heap after
{Heap after GC invocations=231 (full 7):
 def new generation   total 104256K, used 3175K [0x05000000, 0x0c120000, 0x25000000)
  eden space 92672K,   0% used [0x05000000, 0x05000000, 0x0aa80000)
  from space 11584K,  27% used [0x0aa80000, 0x0ad99c90, 0x0b5d0000)
  to   space 11584K,   0% used [0x0b5d0000, 0x0b5d0000, 0x0c120000)
 tenured generation   total 229384K, used 141922K [0x25000000, 0x33002000, 0x65000000)
   the space 229384K,  61% used [0x25000000, 0x2da98b58, 0x2da98c00, 0x33002000)
 Metaspace       used 80511K, committed 80960K, reserved 81920K
}
Event: 654.492 GC heap before
{Heap before GC invocations=231 (full 7):
 def new generation   total 104256K, used 95847K [0x05000000, 0x0c120000, 0x25000000)
  eden space 92672K, 100% used [0x05000000, 0x0aa80000, 0x0aa80000)
  from space 11584K,  27% used [0x0aa80000, 0x0ad99c90, 0x0b5d0000)
  to   space 11584K,   0% used [0x0b5d0000, 0x0b5d0000, 0x0c120000)
 tenured generation   total 229384K, used 141922K [0x25000000, 0x33002000, 0x65000000)
   the space 229384K,  61% used [0x25000000, 0x2da98b58, 0x2da98c00, 0x33002000)
 Metaspace       used 80585K, committed 81024K, reserved 81920K
}
Event: 654.498 GC heap after
{Heap after GC invocations=232 (full 7):
 def new generation   total 104256K, used 2850K [0x05000000, 0x0c120000, 0x25000000)
  eden space 92672K,   0% used [0x05000000, 0x05000000, 0x0aa80000)
  from space 11584K,  24% used [0x0b5d0000, 0x0b898a60, 0x0c120000)
  to   space 11584K,   0% used [0x0aa80000, 0x0aa80000, 0x0b5d0000)
 tenured generation   total 229384K, used 141922K [0x25000000, 0x33002000, 0x65000000)
   the space 229384K,  61% used [0x25000000, 0x2da98b58, 0x2da98c00, 0x33002000)
 Metaspace       used 80585K, committed 81024K, reserved 81920K
}
Event: 654.780 GC heap before
{Heap before GC invocations=232 (full 7):
 def new generation   total 104256K, used 95522K [0x05000000, 0x0c120000, 0x25000000)
  eden space 92672K, 100% used [0x05000000, 0x0aa80000, 0x0aa80000)
  from space 11584K,  24% used [0x0b5d0000, 0x0b898a60, 0x0c120000)
  to   space 11584K,   0% used [0x0aa80000, 0x0aa80000, 0x0b5d0000)
 tenured generation   total 229384K, used 141922K [0x25000000, 0x33002000, 0x65000000)
   the space 229384K,  61% used [0x25000000, 0x2da98b58, 0x2da98c00, 0x33002000)
 Metaspace       used 80586K, committed 81088K, reserved 81920K
}
Event: 654.791 GC heap after
{Heap after GC invocations=233 (full 7):
 def new generation   total 104256K, used 2902K [0x05000000, 0x0c120000, 0x25000000)
  eden space 92672K,   0% used [0x05000000, 0x05000000, 0x0aa80000)
  from space 11584K,  25% used [0x0aa80000, 0x0ad55b08, 0x0b5d0000)
  to   space 11584K,   0% used [0x0b5d0000, 0x0b5d0000, 0x0c120000)
 tenured generation   total 229384K, used 141922K [0x25000000, 0x33002000, 0x65000000)
   the space 229384K,  61% used [0x25000000, 0x2da98b58, 0x2da98c00, 0x33002000)
 Metaspace       used 80586K, committed 81088K, reserved 81920K
}
Event: 655.088 GC heap before
{Heap before GC invocations=233 (full 7):
 def new generation   total 104256K, used 95574K [0x05000000, 0x0c120000, 0x25000000)
  eden space 92672K, 100% used [0x05000000, 0x0aa80000, 0x0aa80000)
  from space 11584K,  25% used [0x0aa80000, 0x0ad55b08, 0x0b5d0000)
  to   space 11584K,   0% used [0x0b5d0000, 0x0b5d0000, 0x0c120000)
 tenured generation   total 229384K, used 141922K [0x25000000, 0x33002000, 0x65000000)
   the space 229384K,  61% used [0x25000000, 0x2da98b58, 0x2da98c00, 0x33002000)
 Metaspace       used 80586K, committed 81088K, reserved 81920K
}
Event: 655.097 GC heap after
{Heap after GC invocations=234 (full 7):
 def new generation   total 104256K, used 4420K [0x05000000, 0x0c120000, 0x25000000)
  eden space 92672K,   0% used [0x05000000, 0x05000000, 0x0aa80000)
  from space 11584K,  38% used [0x0b5d0000, 0x0ba211c0, 0x0c120000)
  to   space 11584K,   0% used [0x0aa80000, 0x0aa80000, 0x0b5d0000)
 tenured generation   total 229384K, used 141922K [0x25000000, 0x33002000, 0x65000000)
   the space 229384K,  61% used [0x25000000, 0x2da98b58, 0x2da98c00, 0x33002000)
 Metaspace       used 80586K, committed 81088K, reserved 81920K
}
Event: 655.357 GC heap before
{Heap before GC invocations=234 (full 7):
 def new generation   total 104256K, used 97092K [0x05000000, 0x0c120000, 0x25000000)
  eden space 92672K, 100% used [0x05000000, 0x0aa80000, 0x0aa80000)
  from space 11584K,  38% used [0x0b5d0000, 0x0ba211c0, 0x0c120000)
  to   space 11584K,   0% used [0x0aa80000, 0x0aa80000, 0x0b5d0000)
 tenured generation   total 229384K, used 141922K [0x25000000, 0x33002000, 0x65000000)
   the space 229384K,  61% used [0x25000000, 0x2da98b58, 0x2da98c00, 0x33002000)
 Metaspace       used 80586K, committed 81088K, reserved 81920K
}
Event: 655.363 GC heap after
{Heap after GC invocations=235 (full 7):
 def new generation   total 104256K, used 4852K [0x05000000, 0x0c120000, 0x25000000)
  eden space 92672K,   0% used [0x05000000, 0x05000000, 0x0aa80000)
  from space 11584K,  41% used [0x0aa80000, 0x0af3d178, 0x0b5d0000)
  to   space 11584K,   0% used [0x0b5d0000, 0x0b5d0000, 0x0c120000)
 tenured generation   total 229384K, used 141922K [0x25000000, 0x33002000, 0x65000000)
   the space 229384K,  61% used [0x25000000, 0x2da98b58, 0x2da98c00, 0x33002000)
 Metaspace       used 80586K, committed 81088K, reserved 81920K
}

